<html>
<head>
<title>TestNG:  BankingApp Test</title>
<link href="../testng.css" rel="stylesheet" type="text/css" />
<link href="../my-testng.css" rel="stylesheet" type="text/css" />

<style type="text/css">
.log { display: none;} 
.stack-trace { display: none;} 
</style>
<script type="text/javascript">
<!--
function flip(e) {
  current = e.style.display;
  if (current == 'block') {
    e.style.display = 'none';
    return 0;
  }
  else {
    e.style.display = 'block';
    return 1;
  }
}

function toggleBox(szDivId, elem, msg1, msg2)
{
  var res = -1;  if (document.getElementById) {
    res = flip(document.getElementById(szDivId));
  }
  else if (document.all) {
    // this is the way old msie versions work
    res = flip(document.all[szDivId]);
  }
  if(elem) {
    if(res == 0) elem.innerHTML = msg1; else elem.innerHTML = msg2;
  }

}

function toggleAllBoxes() {
  if (document.getElementsByTagName) {
    d = document.getElementsByTagName('div');
    for (i = 0; i < d.length; i++) {
      if (d[i].className == 'log') {
        flip(d[i]);
      }
    }
  }
}

// -->
</script>

</head>
<body>
<h2 align='center'>BankingApp Test</h2><table border='1' align="center">
<tr>
<td>Tests passed/Failed/Skipped:</td><td>0/0/1</td>
</tr><tr>
<td>Started on:</td><td>Mon Jul 05 01:09:36 IST 2021</td>
</tr>
<tr><td>Total time:</td><td>628 seconds (628158 ms)</td>
</tr><tr>
<td>Included groups:</td><td></td>
</tr><tr>
<td>Excluded groups:</td><td></td>
</tr>
</table><p/>
<small><i>(Hover the method name to see the test class name)</i></small><p/>
<table width='100%' border='1' class='invocation-failed'>
<tr><td colspan='4' align='center'><b>FAILED CONFIGURATIONS</b></td></tr>
<tr><td><b>Test method</b></td>
<td width="30%"><b>Exception</b></td>
<td width="10%"><b>Time (seconds)</b></td>
<td><b>Instance</b></td>
</tr>
<tr>
<td title='com.intebanking.testCases.TC_LoginTest_001.setup()'><b>setup</b><br>Test class: com.intebanking.testCases.TC_LoginTest_001<br>Parameters: chrome</td>
<td><div><pre>org.openqa.selenium.SessionNotCreatedException: session not created
from timeout: Timed out receiving message from renderer: 600.000
  (Session info: chrome=91.0.4472.123)
Build info: version: &apos;3.14.0&apos;, revision: &apos;aacccce0&apos;, time: &apos;2018-08-02T20:19:58.91Z&apos;
System info: host: &apos;DESKTOP-7PKFCKU&apos;, ip: &apos;192.168.176.1&apos;, os.name: &apos;Windows 10&apos;, os.arch: &apos;amd64&apos;, os.version: &apos;10.0&apos;, java.version: &apos;1.8.0_261&apos;
Driver info: driver.version: ChromeDriver
remote stacktrace: Backtrace:
	Ordinal0 [0x009F3733+2504499]
	Ordinal0 [0x0098C401+2081793]
	Ordinal0 [0x00892628+1058344]
	Ordinal0 [0x00884EBF+1003199]
	Ordinal0 [0x00883EF9+999161]
	Ordinal0 [0x008841B6+999862]
	Ordinal0 [0x00883AA5+998053]
	Ordinal0 [0x0088E6B4+1042100]
	Ordinal0 [0x00883A61+997985]
	Ordinal0 [0x00884986+1001862]
	Ordinal0 [0x00883EF9+999161]
	Ordinal0 [0x008841B6+999862]
	Ordinal0 [0x00883AA5+998053]
	Ordinal0 [0x0088C73A+1034042]
	Ordinal0 [0x00883A61+997985]
	Ordinal0 [0x00884986+1001862]
	Ordinal0 [0x00883EF9+999161]
	Ordinal0 [0x008841B6+999862]
	Ordinal0 [0x00883AA5+998053]
	Ordinal0 [0x0088A5E9+1025513]
	Ordinal0 [0x00883A61+997985]
	Ordinal0 [0x00884986+1001862]
	Ordinal0 [0x00883EF9+999161]
	Ordinal0 [0x008841B6+999862]
	Ordinal0 [0x00883AA5+998053]
	Ordinal0 [0x0088990C+1022220]
	Ordinal0 [0x00883A61+997985]
	Ordinal0 [0x00884986+1001862]
	Ordinal0 [0x00883EF9+999161]
	Ordinal0 [0x008841B6+999862]
	Ordinal0 [0x00883AA5+998053]
	Ordinal0 [0x0087F5DD+980445]
	Ordinal0 [0x00883A61+997985]
	Ordinal0 [0x00883800+997376]
	Ordinal0 [0x00883599+996761]
	Ordinal0 [0x00893830+1062960]
	Ordinal0 [0x008DABB9+1354681]
	Ordinal0 [0x008D97DA+1349594]
	Ordinal0 [0x008D5D4B+1334603]
	Ordinal0 [0x008B22B4+1188532]
	Ordinal0 [0x008B3149+1192265]
	GetHandleVerifier [0x00B6FB8C+1512252]
	GetHandleVerifier [0x00C1B0DF+2214031]
	GetHandleVerifier [0x00A74BC3+484211]
	GetHandleVerifier [0x00A73E69+480793]
	Ordinal0 [0x0099218D+2105741]
	Ordinal0 [0x009966E8+2123496]
	Ordinal0 [0x00996827+2123815]
	Ordinal0 [0x0099FB73+2161523]
	BaseThreadInitThunk [0x7582FA29+25]
	RtlGetAppContainerNamedObjectPath [0x77977A9E+286]
	RtlGetAppContainerNamedObjectPath [0x77977A6E+238]

	at org.openqa.selenium.remote.W3CHandshakeResponse.lambda$new$0(W3CHandshakeResponse.java:57)
	at org.openqa.selenium.remote.W3CHandshakeResponse.lambda$getResponseFunction$2(W3CHandshakeResponse.java:104)
	at org.openqa.selenium.remote.ProtocolHandshake.lambda$createSession$0(ProtocolHandshake.java:122)
	at java.util.stream.ReferencePipeline$3$1.accept(ReferencePipeline.java:193)
	at java.util.Spliterators$ArraySpliterator.tryAdvance(Spliterators.java:958)
	at java.util.stream.ReferencePipeline.forEachWithCancel(ReferencePipeline.java:126)
	at java.util.stream.AbstractPipeline.copyIntoWithCancel(AbstractPipeline.java:499)
	at java.util.stream.AbstractPipeline.copyInto(AbstractPipeline.java:486)
	at java.util.stream.AbstractPipeline.wrapAndCopyInto(AbstractPipeline.java:472)
	at java.util.stream.FindOps$FindOp.evaluateSequential(FindOps.java:152)
	at java.util.stream.AbstractPipeline.evaluate(AbstractPipeline.java:234)
	at java.util.stream.ReferencePipeline.findFirst(ReferencePipeline.java:464)
	at org.openqa.selenium.remote.ProtocolHandshake.createSession(ProtocolHandshake.java:125)
	at org.openqa.selenium.remote.ProtocolHandshake.createSession(ProtocolHandshake.java:73)
	at org.openqa.selenium.remote.HttpCommandExecutor.execute(HttpCommandExecutor.java:136)
	at org.openqa.selenium.remote.service.DriverCommandExecutor.execute(DriverCommandExecutor.java:83)
	at org.openqa.selenium.remote.RemoteWebDriver.execute(RemoteWebDriver.java:548)
	at org.openqa.selenium.remote.RemoteWebDriver.startSession(RemoteWebDriver.java:212)
	at org.openqa.selenium.remote.RemoteWebDriver.&lt;init&gt;(RemoteWebDriver.java:130)
	at org.openqa.selenium.chrome.ChromeDriver.&lt;init&gt;(ChromeDriver.java:181)
	at org.openqa.selenium.chrome.ChromeDriver.&lt;init&gt;(ChromeDriver.java:168)
	at org.openqa.selenium.chrome.ChromeDriver.&lt;init&gt;(ChromeDriver.java:123)
	at com.intebanking.testCases.BaseClass.setup(BaseClass.java:43)
... Removed 33 stack frames</pre></div><a href='#' onClick='toggleBox("stack-trace2143582219", this, "Click to show all stack frames", "Click to hide stack frames")'>Click to show all stack frames</a>
<div class='stack-trace' id='stack-trace2143582219'><pre>org.openqa.selenium.SessionNotCreatedException: session not created
from timeout: Timed out receiving message from renderer: 600.000
  (Session info: chrome=91.0.4472.123)
Build info: version: &apos;3.14.0&apos;, revision: &apos;aacccce0&apos;, time: &apos;2018-08-02T20:19:58.91Z&apos;
System info: host: &apos;DESKTOP-7PKFCKU&apos;, ip: &apos;192.168.176.1&apos;, os.name: &apos;Windows 10&apos;, os.arch: &apos;amd64&apos;, os.version: &apos;10.0&apos;, java.version: &apos;1.8.0_261&apos;
Driver info: driver.version: ChromeDriver
remote stacktrace: Backtrace:
	Ordinal0 [0x009F3733+2504499]
	Ordinal0 [0x0098C401+2081793]
	Ordinal0 [0x00892628+1058344]
	Ordinal0 [0x00884EBF+1003199]
	Ordinal0 [0x00883EF9+999161]
	Ordinal0 [0x008841B6+999862]
	Ordinal0 [0x00883AA5+998053]
	Ordinal0 [0x0088E6B4+1042100]
	Ordinal0 [0x00883A61+997985]
	Ordinal0 [0x00884986+1001862]
	Ordinal0 [0x00883EF9+999161]
	Ordinal0 [0x008841B6+999862]
	Ordinal0 [0x00883AA5+998053]
	Ordinal0 [0x0088C73A+1034042]
	Ordinal0 [0x00883A61+997985]
	Ordinal0 [0x00884986+1001862]
	Ordinal0 [0x00883EF9+999161]
	Ordinal0 [0x008841B6+999862]
	Ordinal0 [0x00883AA5+998053]
	Ordinal0 [0x0088A5E9+1025513]
	Ordinal0 [0x00883A61+997985]
	Ordinal0 [0x00884986+1001862]
	Ordinal0 [0x00883EF9+999161]
	Ordinal0 [0x008841B6+999862]
	Ordinal0 [0x00883AA5+998053]
	Ordinal0 [0x0088990C+1022220]
	Ordinal0 [0x00883A61+997985]
	Ordinal0 [0x00884986+1001862]
	Ordinal0 [0x00883EF9+999161]
	Ordinal0 [0x008841B6+999862]
	Ordinal0 [0x00883AA5+998053]
	Ordinal0 [0x0087F5DD+980445]
	Ordinal0 [0x00883A61+997985]
	Ordinal0 [0x00883800+997376]
	Ordinal0 [0x00883599+996761]
	Ordinal0 [0x00893830+1062960]
	Ordinal0 [0x008DABB9+1354681]
	Ordinal0 [0x008D97DA+1349594]
	Ordinal0 [0x008D5D4B+1334603]
	Ordinal0 [0x008B22B4+1188532]
	Ordinal0 [0x008B3149+1192265]
	GetHandleVerifier [0x00B6FB8C+1512252]
	GetHandleVerifier [0x00C1B0DF+2214031]
	GetHandleVerifier [0x00A74BC3+484211]
	GetHandleVerifier [0x00A73E69+480793]
	Ordinal0 [0x0099218D+2105741]
	Ordinal0 [0x009966E8+2123496]
	Ordinal0 [0x00996827+2123815]
	Ordinal0 [0x0099FB73+2161523]
	BaseThreadInitThunk [0x7582FA29+25]
	RtlGetAppContainerNamedObjectPath [0x77977A9E+286]
	RtlGetAppContainerNamedObjectPath [0x77977A6E+238]

	at sun.reflect.NativeConstructorAccessorImpl.newInstance0(Native Method)
	at sun.reflect.NativeConstructorAccessorImpl.newInstance(NativeConstructorAccessorImpl.java:62)
	at sun.reflect.DelegatingConstructorAccessorImpl.newInstance(DelegatingConstructorAccessorImpl.java:45)
	at java.lang.reflect.Constructor.newInstance(Constructor.java:423)
	at org.openqa.selenium.remote.W3CHandshakeResponse.lambda$new$0(W3CHandshakeResponse.java:57)
	at org.openqa.selenium.remote.W3CHandshakeResponse.lambda$getResponseFunction$2(W3CHandshakeResponse.java:104)
	at org.openqa.selenium.remote.ProtocolHandshake.lambda$createSession$0(ProtocolHandshake.java:122)
	at java.util.stream.ReferencePipeline$3$1.accept(ReferencePipeline.java:193)
	at java.util.Spliterators$ArraySpliterator.tryAdvance(Spliterators.java:958)
	at java.util.stream.ReferencePipeline.forEachWithCancel(ReferencePipeline.java:126)
	at java.util.stream.AbstractPipeline.copyIntoWithCancel(AbstractPipeline.java:499)
	at java.util.stream.AbstractPipeline.copyInto(AbstractPipeline.java:486)
	at java.util.stream.AbstractPipeline.wrapAndCopyInto(AbstractPipeline.java:472)
	at java.util.stream.FindOps$FindOp.evaluateSequential(FindOps.java:152)
	at java.util.stream.AbstractPipeline.evaluate(AbstractPipeline.java:234)
	at java.util.stream.ReferencePipeline.findFirst(ReferencePipeline.java:464)
	at org.openqa.selenium.remote.ProtocolHandshake.createSession(ProtocolHandshake.java:125)
	at org.openqa.selenium.remote.ProtocolHandshake.createSession(ProtocolHandshake.java:73)
	at org.openqa.selenium.remote.HttpCommandExecutor.execute(HttpCommandExecutor.java:136)
	at org.openqa.selenium.remote.service.DriverCommandExecutor.execute(DriverCommandExecutor.java:83)
	at org.openqa.selenium.remote.RemoteWebDriver.execute(RemoteWebDriver.java:548)
	at org.openqa.selenium.remote.RemoteWebDriver.startSession(RemoteWebDriver.java:212)
	at org.openqa.selenium.remote.RemoteWebDriver.&lt;init&gt;(RemoteWebDriver.java:130)
	at org.openqa.selenium.chrome.ChromeDriver.&lt;init&gt;(ChromeDriver.java:181)
	at org.openqa.selenium.chrome.ChromeDriver.&lt;init&gt;(ChromeDriver.java:168)
	at org.openqa.selenium.chrome.ChromeDriver.&lt;init&gt;(ChromeDriver.java:123)
	at com.intebanking.testCases.BaseClass.setup(BaseClass.java:43)
	at sun.reflect.NativeMethodAccessorImpl.invoke0(Native Method)
	at sun.reflect.NativeMethodAccessorImpl.invoke(NativeMethodAccessorImpl.java:62)
	at sun.reflect.DelegatingMethodAccessorImpl.invoke(DelegatingMethodAccessorImpl.java:43)
	at java.lang.reflect.Method.invoke(Method.java:498)
	at org.testng.internal.MethodInvocationHelper.invokeMethod(MethodInvocationHelper.java:124)
	at org.testng.internal.MethodInvocationHelper.invokeMethodConsideringTimeout(MethodInvocationHelper.java:59)
	at org.testng.internal.Invoker.invokeConfigurationMethod(Invoker.java:458)
	at org.testng.internal.Invoker.invokeConfigurations(Invoker.java:222)
	at org.testng.internal.Invoker.invokeConfigurations(Invoker.java:142)
	at org.testng.internal.TestMethodWorker.invokeBeforeClassMethods(TestMethodWorker.java:168)
	at org.testng.internal.TestMethodWorker.run(TestMethodWorker.java:105)
	at org.testng.TestRunner.privateRun(TestRunner.java:648)
	at org.testng.TestRunner.run(TestRunner.java:505)
	at org.testng.SuiteRunner.runTest(SuiteRunner.java:455)
	at org.testng.SuiteRunner.runSequentially(SuiteRunner.java:450)
	at org.testng.SuiteRunner.privateRun(SuiteRunner.java:415)
	at org.testng.SuiteRunner.run(SuiteRunner.java:364)
	at org.testng.SuiteRunnerWorker.runSuite(SuiteRunnerWorker.java:52)
	at org.testng.SuiteRunnerWorker.run(SuiteRunnerWorker.java:84)
	at org.testng.TestNG.runSuitesSequentially(TestNG.java:1208)
	at org.testng.TestNG.runSuitesLocally(TestNG.java:1137)
	at org.testng.TestNG.runSuites(TestNG.java:1049)
	at org.testng.TestNG.run(TestNG.java:1017)
	at org.apache.maven.surefire.testng.TestNGExecutor.run(TestNGExecutor.java:295)
	at org.apache.maven.surefire.testng.TestNGXmlTestSuite.execute(TestNGXmlTestSuite.java:84)
	at org.apache.maven.surefire.testng.TestNGProvider.invoke(TestNGProvider.java:90)
	at org.apache.maven.surefire.booter.ForkedBooter.invokeProviderInSameClassLoader(ForkedBooter.java:203)
	at org.apache.maven.surefire.booter.ForkedBooter.runSuitesInProcess(ForkedBooter.java:155)
	at org.apache.maven.surefire.booter.ForkedBooter.main(ForkedBooter.java:103)
</pre></div></td>
<td>625</td>
<td>com.intebanking.testCases.TC_LoginTest_001@59a6e353</td></tr>
</table><p>
<table width='100%' border='1' class='invocation-skipped'>
<tr><td colspan='4' align='center'><b>SKIPPED CONFIGURATIONS</b></td></tr>
<tr><td><b>Test method</b></td>
<td width="30%"><b>Exception</b></td>
<td width="10%"><b>Time (seconds)</b></td>
<td><b>Instance</b></td>
</tr>
<tr>
<td title='com.intebanking.testCases.TC_LoginTest_001.tearDown()'><b>tearDown</b><br>Test class: com.intebanking.testCases.TC_LoginTest_001</td>
<td></td>
<td>0</td>
<td>com.intebanking.testCases.TC_LoginTest_001@59a6e353</td></tr>
</table><p>
<table width='100%' border='1' class='invocation-skipped'>
<tr><td colspan='4' align='center'><b>SKIPPED TESTS</b></td></tr>
<tr><td><b>Test method</b></td>
<td width="30%"><b>Exception</b></td>
<td width="10%"><b>Time (seconds)</b></td>
<td><b>Instance</b></td>
</tr>
<tr>
<td title='com.intebanking.testCases.TC_LoginTest_001.loginTest()'><b>loginTest</b><br>Test class: com.intebanking.testCases.TC_LoginTest_001</td>
<td><div><pre>org.openqa.selenium.SessionNotCreatedException: session not created
from timeout: Timed out receiving message from renderer: 600.000
  (Session info: chrome=91.0.4472.123)
Build info: version: &apos;3.14.0&apos;, revision: &apos;aacccce0&apos;, time: &apos;2018-08-02T20:19:58.91Z&apos;
System info: host: &apos;DESKTOP-7PKFCKU&apos;, ip: &apos;192.168.176.1&apos;, os.name: &apos;Windows 10&apos;, os.arch: &apos;amd64&apos;, os.version: &apos;10.0&apos;, java.version: &apos;1.8.0_261&apos;
Driver info: driver.version: ChromeDriver
remote stacktrace: Backtrace:
	Ordinal0 [0x009F3733+2504499]
	Ordinal0 [0x0098C401+2081793]
	Ordinal0 [0x00892628+1058344]
	Ordinal0 [0x00884EBF+1003199]
	Ordinal0 [0x00883EF9+999161]
	Ordinal0 [0x008841B6+999862]
	Ordinal0 [0x00883AA5+998053]
	Ordinal0 [0x0088E6B4+1042100]
	Ordinal0 [0x00883A61+997985]
	Ordinal0 [0x00884986+1001862]
	Ordinal0 [0x00883EF9+999161]
	Ordinal0 [0x008841B6+999862]
	Ordinal0 [0x00883AA5+998053]
	Ordinal0 [0x0088C73A+1034042]
	Ordinal0 [0x00883A61+997985]
	Ordinal0 [0x00884986+1001862]
	Ordinal0 [0x00883EF9+999161]
	Ordinal0 [0x008841B6+999862]
	Ordinal0 [0x00883AA5+998053]
	Ordinal0 [0x0088A5E9+1025513]
	Ordinal0 [0x00883A61+997985]
	Ordinal0 [0x00884986+1001862]
	Ordinal0 [0x00883EF9+999161]
	Ordinal0 [0x008841B6+999862]
	Ordinal0 [0x00883AA5+998053]
	Ordinal0 [0x0088990C+1022220]
	Ordinal0 [0x00883A61+997985]
	Ordinal0 [0x00884986+1001862]
	Ordinal0 [0x00883EF9+999161]
	Ordinal0 [0x008841B6+999862]
	Ordinal0 [0x00883AA5+998053]
	Ordinal0 [0x0087F5DD+980445]
	Ordinal0 [0x00883A61+997985]
	Ordinal0 [0x00883800+997376]
	Ordinal0 [0x00883599+996761]
	Ordinal0 [0x00893830+1062960]
	Ordinal0 [0x008DABB9+1354681]
	Ordinal0 [0x008D97DA+1349594]
	Ordinal0 [0x008D5D4B+1334603]
	Ordinal0 [0x008B22B4+1188532]
	Ordinal0 [0x008B3149+1192265]
	GetHandleVerifier [0x00B6FB8C+1512252]
	GetHandleVerifier [0x00C1B0DF+2214031]
	GetHandleVerifier [0x00A74BC3+484211]
	GetHandleVerifier [0x00A73E69+480793]
	Ordinal0 [0x0099218D+2105741]
	Ordinal0 [0x009966E8+2123496]
	Ordinal0 [0x00996827+2123815]
	Ordinal0 [0x0099FB73+2161523]
	BaseThreadInitThunk [0x7582FA29+25]
	RtlGetAppContainerNamedObjectPath [0x77977A9E+286]
	RtlGetAppContainerNamedObjectPath [0x77977A6E+238]

	at org.openqa.selenium.remote.W3CHandshakeResponse.lambda$new$0(W3CHandshakeResponse.java:57)
	at org.openqa.selenium.remote.W3CHandshakeResponse.lambda$getResponseFunction$2(W3CHandshakeResponse.java:104)
	at org.openqa.selenium.remote.ProtocolHandshake.lambda$createSession$0(ProtocolHandshake.java:122)
	at java.util.stream.ReferencePipeline$3$1.accept(ReferencePipeline.java:193)
	at java.util.Spliterators$ArraySpliterator.tryAdvance(Spliterators.java:958)
	at java.util.stream.ReferencePipeline.forEachWithCancel(ReferencePipeline.java:126)
	at java.util.stream.AbstractPipeline.copyIntoWithCancel(AbstractPipeline.java:499)
	at java.util.stream.AbstractPipeline.copyInto(AbstractPipeline.java:486)
	at java.util.stream.AbstractPipeline.wrapAndCopyInto(AbstractPipeline.java:472)
	at java.util.stream.FindOps$FindOp.evaluateSequential(FindOps.java:152)
	at java.util.stream.AbstractPipeline.evaluate(AbstractPipeline.java:234)
	at java.util.stream.ReferencePipeline.findFirst(ReferencePipeline.java:464)
	at org.openqa.selenium.remote.ProtocolHandshake.createSession(ProtocolHandshake.java:125)
	at org.openqa.selenium.remote.ProtocolHandshake.createSession(ProtocolHandshake.java:73)
	at org.openqa.selenium.remote.HttpCommandExecutor.execute(HttpCommandExecutor.java:136)
	at org.openqa.selenium.remote.service.DriverCommandExecutor.execute(DriverCommandExecutor.java:83)
	at org.openqa.selenium.remote.RemoteWebDriver.execute(RemoteWebDriver.java:548)
	at org.openqa.selenium.remote.RemoteWebDriver.startSession(RemoteWebDriver.java:212)
	at org.openqa.selenium.remote.RemoteWebDriver.&lt;init&gt;(RemoteWebDriver.java:130)
	at org.openqa.selenium.chrome.ChromeDriver.&lt;init&gt;(ChromeDriver.java:181)
	at org.openqa.selenium.chrome.ChromeDriver.&lt;init&gt;(ChromeDriver.java:168)
	at org.openqa.selenium.chrome.ChromeDriver.&lt;init&gt;(ChromeDriver.java:123)
	at com.intebanking.testCases.BaseClass.setup(BaseClass.java:43)
... Removed 33 stack frames</pre></div><a href='#' onClick='toggleBox("stack-trace297490204", this, "Click to show all stack frames", "Click to hide stack frames")'>Click to show all stack frames</a>
<div class='stack-trace' id='stack-trace297490204'><pre>org.openqa.selenium.SessionNotCreatedException: session not created
from timeout: Timed out receiving message from renderer: 600.000
  (Session info: chrome=91.0.4472.123)
Build info: version: &apos;3.14.0&apos;, revision: &apos;aacccce0&apos;, time: &apos;2018-08-02T20:19:58.91Z&apos;
System info: host: &apos;DESKTOP-7PKFCKU&apos;, ip: &apos;192.168.176.1&apos;, os.name: &apos;Windows 10&apos;, os.arch: &apos;amd64&apos;, os.version: &apos;10.0&apos;, java.version: &apos;1.8.0_261&apos;
Driver info: driver.version: ChromeDriver
remote stacktrace: Backtrace:
	Ordinal0 [0x009F3733+2504499]
	Ordinal0 [0x0098C401+2081793]
	Ordinal0 [0x00892628+1058344]
	Ordinal0 [0x00884EBF+1003199]
	Ordinal0 [0x00883EF9+999161]
	Ordinal0 [0x008841B6+999862]
	Ordinal0 [0x00883AA5+998053]
	Ordinal0 [0x0088E6B4+1042100]
	Ordinal0 [0x00883A61+997985]
	Ordinal0 [0x00884986+1001862]
	Ordinal0 [0x00883EF9+999161]
	Ordinal0 [0x008841B6+999862]
	Ordinal0 [0x00883AA5+998053]
	Ordinal0 [0x0088C73A+1034042]
	Ordinal0 [0x00883A61+997985]
	Ordinal0 [0x00884986+1001862]
	Ordinal0 [0x00883EF9+999161]
	Ordinal0 [0x008841B6+999862]
	Ordinal0 [0x00883AA5+998053]
	Ordinal0 [0x0088A5E9+1025513]
	Ordinal0 [0x00883A61+997985]
	Ordinal0 [0x00884986+1001862]
	Ordinal0 [0x00883EF9+999161]
	Ordinal0 [0x008841B6+999862]
	Ordinal0 [0x00883AA5+998053]
	Ordinal0 [0x0088990C+1022220]
	Ordinal0 [0x00883A61+997985]
	Ordinal0 [0x00884986+1001862]
	Ordinal0 [0x00883EF9+999161]
	Ordinal0 [0x008841B6+999862]
	Ordinal0 [0x00883AA5+998053]
	Ordinal0 [0x0087F5DD+980445]
	Ordinal0 [0x00883A61+997985]
	Ordinal0 [0x00883800+997376]
	Ordinal0 [0x00883599+996761]
	Ordinal0 [0x00893830+1062960]
	Ordinal0 [0x008DABB9+1354681]
	Ordinal0 [0x008D97DA+1349594]
	Ordinal0 [0x008D5D4B+1334603]
	Ordinal0 [0x008B22B4+1188532]
	Ordinal0 [0x008B3149+1192265]
	GetHandleVerifier [0x00B6FB8C+1512252]
	GetHandleVerifier [0x00C1B0DF+2214031]
	GetHandleVerifier [0x00A74BC3+484211]
	GetHandleVerifier [0x00A73E69+480793]
	Ordinal0 [0x0099218D+2105741]
	Ordinal0 [0x009966E8+2123496]
	Ordinal0 [0x00996827+2123815]
	Ordinal0 [0x0099FB73+2161523]
	BaseThreadInitThunk [0x7582FA29+25]
	RtlGetAppContainerNamedObjectPath [0x77977A9E+286]
	RtlGetAppContainerNamedObjectPath [0x77977A6E+238]

	at sun.reflect.NativeConstructorAccessorImpl.newInstance0(Native Method)
	at sun.reflect.NativeConstructorAccessorImpl.newInstance(NativeConstructorAccessorImpl.java:62)
	at sun.reflect.DelegatingConstructorAccessorImpl.newInstance(DelegatingConstructorAccessorImpl.java:45)
	at java.lang.reflect.Constructor.newInstance(Constructor.java:423)
	at org.openqa.selenium.remote.W3CHandshakeResponse.lambda$new$0(W3CHandshakeResponse.java:57)
	at org.openqa.selenium.remote.W3CHandshakeResponse.lambda$getResponseFunction$2(W3CHandshakeResponse.java:104)
	at org.openqa.selenium.remote.ProtocolHandshake.lambda$createSession$0(ProtocolHandshake.java:122)
	at java.util.stream.ReferencePipeline$3$1.accept(ReferencePipeline.java:193)
	at java.util.Spliterators$ArraySpliterator.tryAdvance(Spliterators.java:958)
	at java.util.stream.ReferencePipeline.forEachWithCancel(ReferencePipeline.java:126)
	at java.util.stream.AbstractPipeline.copyIntoWithCancel(AbstractPipeline.java:499)
	at java.util.stream.AbstractPipeline.copyInto(AbstractPipeline.java:486)
	at java.util.stream.AbstractPipeline.wrapAndCopyInto(AbstractPipeline.java:472)
	at java.util.stream.FindOps$FindOp.evaluateSequential(FindOps.java:152)
	at java.util.stream.AbstractPipeline.evaluate(AbstractPipeline.java:234)
	at java.util.stream.ReferencePipeline.findFirst(ReferencePipeline.java:464)
	at org.openqa.selenium.remote.ProtocolHandshake.createSession(ProtocolHandshake.java:125)
	at org.openqa.selenium.remote.ProtocolHandshake.createSession(ProtocolHandshake.java:73)
	at org.openqa.selenium.remote.HttpCommandExecutor.execute(HttpCommandExecutor.java:136)
	at org.openqa.selenium.remote.service.DriverCommandExecutor.execute(DriverCommandExecutor.java:83)
	at org.openqa.selenium.remote.RemoteWebDriver.execute(RemoteWebDriver.java:548)
	at org.openqa.selenium.remote.RemoteWebDriver.startSession(RemoteWebDriver.java:212)
	at org.openqa.selenium.remote.RemoteWebDriver.&lt;init&gt;(RemoteWebDriver.java:130)
	at org.openqa.selenium.chrome.ChromeDriver.&lt;init&gt;(ChromeDriver.java:181)
	at org.openqa.selenium.chrome.ChromeDriver.&lt;init&gt;(ChromeDriver.java:168)
	at org.openqa.selenium.chrome.ChromeDriver.&lt;init&gt;(ChromeDriver.java:123)
	at com.intebanking.testCases.BaseClass.setup(BaseClass.java:43)
	at sun.reflect.NativeMethodAccessorImpl.invoke0(Native Method)
	at sun.reflect.NativeMethodAccessorImpl.invoke(NativeMethodAccessorImpl.java:62)
	at sun.reflect.DelegatingMethodAccessorImpl.invoke(DelegatingMethodAccessorImpl.java:43)
	at java.lang.reflect.Method.invoke(Method.java:498)
	at org.testng.internal.MethodInvocationHelper.invokeMethod(MethodInvocationHelper.java:124)
	at org.testng.internal.MethodInvocationHelper.invokeMethodConsideringTimeout(MethodInvocationHelper.java:59)
	at org.testng.internal.Invoker.invokeConfigurationMethod(Invoker.java:458)
	at org.testng.internal.Invoker.invokeConfigurations(Invoker.java:222)
	at org.testng.internal.Invoker.invokeConfigurations(Invoker.java:142)
	at org.testng.internal.TestMethodWorker.invokeBeforeClassMethods(TestMethodWorker.java:168)
	at org.testng.internal.TestMethodWorker.run(TestMethodWorker.java:105)
	at org.testng.TestRunner.privateRun(TestRunner.java:648)
	at org.testng.TestRunner.run(TestRunner.java:505)
	at org.testng.SuiteRunner.runTest(SuiteRunner.java:455)
	at org.testng.SuiteRunner.runSequentially(SuiteRunner.java:450)
	at org.testng.SuiteRunner.privateRun(SuiteRunner.java:415)
	at org.testng.SuiteRunner.run(SuiteRunner.java:364)
	at org.testng.SuiteRunnerWorker.runSuite(SuiteRunnerWorker.java:52)
	at org.testng.SuiteRunnerWorker.run(SuiteRunnerWorker.java:84)
	at org.testng.TestNG.runSuitesSequentially(TestNG.java:1208)
	at org.testng.TestNG.runSuitesLocally(TestNG.java:1137)
	at org.testng.TestNG.runSuites(TestNG.java:1049)
	at org.testng.TestNG.run(TestNG.java:1017)
	at org.apache.maven.surefire.testng.TestNGExecutor.run(TestNGExecutor.java:295)
	at org.apache.maven.surefire.testng.TestNGXmlTestSuite.execute(TestNGXmlTestSuite.java:84)
	at org.apache.maven.surefire.testng.TestNGProvider.invoke(TestNGProvider.java:90)
	at org.apache.maven.surefire.booter.ForkedBooter.invokeProviderInSameClassLoader(ForkedBooter.java:203)
	at org.apache.maven.surefire.booter.ForkedBooter.runSuitesInProcess(ForkedBooter.java:155)
	at org.apache.maven.surefire.booter.ForkedBooter.main(ForkedBooter.java:103)
</pre></div></td>
<td>0</td>
<td>com.intebanking.testCases.TC_LoginTest_001@59a6e353</td></tr>
</table><p>
</body>
</html>