<?xml version="1.0" encoding="UTF-8"?>
<!-- Generated by org.testng.reporters.JUnitXMLReporter -->
<testsuite hostname="DESKTOP-7PKFCKU" ignored="0" name="BankingApp Test" tests="1" failures="0" timestamp="04 Jul 2021 19:50:04 GMT" time="628.158" errors="0">
  <testcase name="@BeforeClass setup" time="625.291" classname="com.intebanking.testCases.BaseClass">
    <failure type="org.openqa.selenium.SessionNotCreatedException" message="session not created
from timeout: Timed out receiving message from renderer: 600.000
  (Session info: chrome=91.0.4472.123)
Build info: version: &amp;apos;3.14.0&amp;apos;, revision: &amp;apos;aacccce0&amp;apos;, time: &amp;apos;2018-08-02T20:19:58.91Z&amp;apos;
System info: host: &amp;apos;DESKTOP-7PKFCKU&amp;apos;, ip: &amp;apos;192.168.176.1&amp;apos;, os.name: &amp;apos;Windows 10&amp;apos;, os.arch: &amp;apos;amd64&amp;apos;, os.version: &amp;apos;10.0&amp;apos;, java.version: &amp;apos;1.8.0_261&amp;apos;
Driver info: driver.version: ChromeDriver
remote stacktrace: Backtrace:
	Ordinal0 [0x009F3733+2504499]
	Ordinal0 [0x0098C401+2081793]
	Ordinal0 [0x00892628+1058344]
	Ordinal0 [0x00884EBF+1003199]
	Ordinal0 [0x00883EF9+999161]
	Ordinal0 [0x008841B6+999862]
	Ordinal0 [0x00883AA5+998053]
	Ordinal0 [0x0088E6B4+1042100]
	Ordinal0 [0x00883A61+997985]
	Ordinal0 [0x00884986+1001862]
	Ordinal0 [0x00883EF9+999161]
	Ordinal0 [0x008841B6+999862]
	Ordinal0 [0x00883AA5+998053]
	Ordinal0 [0x0088C73A+1034042]
	Ordinal0 [0x00883A61+997985]
	Ordinal0 [0x00884986+1001862]
	Ordinal0 [0x00883EF9+999161]
	Ordinal0 [0x008841B6+999862]
	Ordinal0 [0x00883AA5+998053]
	Ordinal0 [0x0088A5E9+1025513]
	Ordinal0 [0x00883A61+997985]
	Ordinal0 [0x00884986+1001862]
	Ordinal0 [0x00883EF9+999161]
	Ordinal0 [0x008841B6+999862]
	Ordinal0 [0x00883AA5+998053]
	Ordinal0 [0x0088990C+1022220]
	Ordinal0 [0x00883A61+997985]
	Ordinal0 [0x00884986+1001862]
	Ordinal0 [0x00883EF9+999161]
	Ordinal0 [0x008841B6+999862]
	Ordinal0 [0x00883AA5+998053]
	Ordinal0 [0x0087F5DD+980445]
	Ordinal0 [0x00883A61+997985]
	Ordinal0 [0x00883800+997376]
	Ordinal0 [0x00883599+996761]
	Ordinal0 [0x00893830+1062960]
	Ordinal0 [0x008DABB9+1354681]
	Ordinal0 [0x008D97DA+1349594]
	Ordinal0 [0x008D5D4B+1334603]
	Ordinal0 [0x008B22B4+1188532]
	Ordinal0 [0x008B3149+1192265]
	GetHandleVerifier [0x00B6FB8C+1512252]
	GetHandleVerifier [0x00C1B0DF+2214031]
	GetHandleVerifier [0x00A74BC3+484211]
	GetHandleVerifier [0x00A73E69+480793]
	Ordinal0 [0x0099218D+2105741]
	Ordinal0 [0x009966E8+2123496]
	Ordinal0 [0x00996827+2123815]
	Ordinal0 [0x0099FB73+2161523]
	BaseThreadInitThunk [0x7582FA29+25]
	RtlGetAppContainerNamedObjectPath [0x77977A9E+286]
	RtlGetAppContainerNamedObjectPath [0x77977A6E+238]
">
      <![CDATA[org.openqa.selenium.SessionNotCreatedException: session not created
from timeout: Timed out receiving message from renderer: 600.000
  (Session info: chrome=91.0.4472.123)
Build info: version: '3.14.0', revision: 'aacccce0', time: '2018-08-02T20:19:58.91Z'
System info: host: 'DESKTOP-7PKFCKU', ip: '192.168.176.1', os.name: 'Windows 10', os.arch: 'amd64', os.version: '10.0', java.version: '1.8.0_261'
Driver info: driver.version: ChromeDriver
remote stacktrace: Backtrace:
Ordinal0 [0x009F3733+2504499]
Ordinal0 [0x0098C401+2081793]
Ordinal0 [0x00892628+1058344]
Ordinal0 [0x00884EBF+1003199]
Ordinal0 [0x00883EF9+999161]
Ordinal0 [0x008841B6+999862]
Ordinal0 [0x00883AA5+998053]
Ordinal0 [0x0088E6B4+1042100]
Ordinal0 [0x00883A61+997985]
Ordinal0 [0x00884986+1001862]
Ordinal0 [0x00883EF9+999161]
Ordinal0 [0x008841B6+999862]
Ordinal0 [0x00883AA5+998053]
Ordinal0 [0x0088C73A+1034042]
Ordinal0 [0x00883A61+997985]
Ordinal0 [0x00884986+1001862]
Ordinal0 [0x00883EF9+999161]
Ordinal0 [0x008841B6+999862]
Ordinal0 [0x00883AA5+998053]
Ordinal0 [0x0088A5E9+1025513]
Ordinal0 [0x00883A61+997985]
Ordinal0 [0x00884986+1001862]
Ordinal0 [0x00883EF9+999161]
Ordinal0 [0x008841B6+999862]
Ordinal0 [0x00883AA5+998053]
Ordinal0 [0x0088990C+1022220]
Ordinal0 [0x00883A61+997985]
Ordinal0 [0x00884986+1001862]
Ordinal0 [0x00883EF9+999161]
Ordinal0 [0x008841B6+999862]
Ordinal0 [0x00883AA5+998053]
Ordinal0 [0x0087F5DD+980445]
Ordinal0 [0x00883A61+997985]
Ordinal0 [0x00883800+997376]
Ordinal0 [0x00883599+996761]
Ordinal0 [0x00893830+1062960]
Ordinal0 [0x008DABB9+1354681]
Ordinal0 [0x008D97DA+1349594]
Ordinal0 [0x008D5D4B+1334603]
Ordinal0 [0x008B22B4+1188532]
Ordinal0 [0x008B3149+1192265]
GetHandleVerifier [0x00B6FB8C+1512252]
GetHandleVerifier [0x00C1B0DF+2214031]
GetHandleVerifier [0x00A74BC3+484211]
GetHandleVerifier [0x00A73E69+480793]
Ordinal0 [0x0099218D+2105741]
Ordinal0 [0x009966E8+2123496]
Ordinal0 [0x00996827+2123815]
Ordinal0 [0x0099FB73+2161523]
BaseThreadInitThunk [0x7582FA29+25]
RtlGetAppContainerNamedObjectPath [0x77977A9E+286]
RtlGetAppContainerNamedObjectPath [0x77977A6E+238]

at org.openqa.selenium.remote.W3CHandshakeResponse.lambda$new$0(W3CHandshakeResponse.java:57)
at org.openqa.selenium.remote.W3CHandshakeResponse.lambda$getResponseFunction$2(W3CHandshakeResponse.java:104)
at org.openqa.selenium.remote.ProtocolHandshake.lambda$createSession$0(ProtocolHandshake.java:122)
at java.util.stream.ReferencePipeline$3$1.accept(ReferencePipeline.java:193)
at java.util.Spliterators$ArraySpliterator.tryAdvance(Spliterators.java:958)
at java.util.stream.ReferencePipeline.forEachWithCancel(ReferencePipeline.java:126)
at java.util.stream.AbstractPipeline.copyIntoWithCancel(AbstractPipeline.java:499)
at java.util.stream.AbstractPipeline.copyInto(AbstractPipeline.java:486)
at java.util.stream.AbstractPipeline.wrapAndCopyInto(AbstractPipeline.java:472)
at java.util.stream.FindOps$FindOp.evaluateSequential(FindOps.java:152)
at java.util.stream.AbstractPipeline.evaluate(AbstractPipeline.java:234)
at java.util.stream.ReferencePipeline.findFirst(ReferencePipeline.java:464)
at org.openqa.selenium.remote.ProtocolHandshake.createSession(ProtocolHandshake.java:125)
at org.openqa.selenium.remote.ProtocolHandshake.createSession(ProtocolHandshake.java:73)
at org.openqa.selenium.remote.HttpCommandExecutor.execute(HttpCommandExecutor.java:136)
at org.openqa.selenium.remote.service.DriverCommandExecutor.execute(DriverCommandExecutor.java:83)
at org.openqa.selenium.remote.RemoteWebDriver.execute(RemoteWebDriver.java:548)
at org.openqa.selenium.remote.RemoteWebDriver.startSession(RemoteWebDriver.java:212)
at org.openqa.selenium.remote.RemoteWebDriver.<init>(RemoteWebDriver.java:130)
at org.openqa.selenium.chrome.ChromeDriver.<init>(ChromeDriver.java:181)
at org.openqa.selenium.chrome.ChromeDriver.<init>(ChromeDriver.java:168)
at org.openqa.selenium.chrome.ChromeDriver.<init>(ChromeDriver.java:123)
at com.intebanking.testCases.BaseClass.setup(BaseClass.java:43)
... Removed 33 stack frames]]>
    </failure>
  </testcase> <!-- @BeforeClass setup -->
  <testcase name="@AfterClass tearDown" time="0.0" classname="com.intebanking.testCases.BaseClass">
    <skipped/>
  </testcase> <!-- @AfterClass tearDown -->
  <testcase name="loginTest" time="0.0" classname="com.intebanking.testCases.TC_LoginTest_001">
    <skipped/>
  </testcase> <!-- loginTest -->
</testsuite> <!-- BankingApp Test -->
