<!DOCTYPE html PUBLIC "-//W3C//DTD XHTML 1.1//EN" "http://www.w3.org/TR/xhtml11/DTD/xhtml11.dtd">
<html xmlns="http://www.w3.org/1999/xhtml">
<head>
<meta http-equiv="content-type" content="text/html; charset=UTF-8"/>
<title>TestNG Report</title>
<style type="text/css">table {margin-bottom:10px;border-collapse:collapse;empty-cells:show}th,td {border:1px solid #009;padding:.25em .5em}th {vertical-align:bottom}td {vertical-align:top}table a {font-weight:bold}.stripe td {background-color: #E6EBF9}.num {text-align:right}.passedodd td {background-color: #3F3}.passedeven td {background-color: #0A0}.skippedodd td {background-color: #DDD}.skippedeven td {background-color: #CCC}.failedodd td,.attn {background-color: #F33}.failedeven td,.stripe .attn {background-color: #D00}.stacktrace {white-space:pre;font-family:monospace}.totop {font-size:85%;text-align:center;border-bottom:2px solid #000}.invisible {display:none}</style>
</head>
<body>
<table>
<tr><th>Test</th><th># Passed</th><th># Skipped</th><th># Failed</th><th>Time (ms)</th><th>Included Groups</th><th>Excluded Groups</th></tr>
<tr><th colspan="7">DemoTest</th></tr>
<tr><td><a href="#t0">BankingApp Test</a></td><td class="num">0</td><td class="num attn">1</td><td class="num">0</td><td class="num">628,158</td><td></td><td></td></tr>
</table>
<table id='summary'><thead><tr><th>Class</th><th>Method</th><th>Start</th><th>Time (ms)</th></tr></thead><tbody><tr><th colspan="4">DemoTest</th></tr></tbody><tbody id="t0"><tr><th colspan="4">BankingApp Test &#8212; failed (configuration methods)</th></tr><tr class="failedeven"><td rowspan="1">com.intebanking.testCases.TC_LoginTest_001</td><td><a href="#m0">setup</a></td><td rowspan="1">1625427578345</td><td rowspan="1">625291</td></tr><tr><th colspan="4">BankingApp Test &#8212; skipped (configuration methods)</th></tr><tr class="skippedeven"><td rowspan="1">com.intebanking.testCases.TC_LoginTest_001</td><td><a href="#m1">tearDown</a></td><td rowspan="1">1625428204574</td><td rowspan="1">0</td></tr><tr><th colspan="4">BankingApp Test &#8212; skipped</th></tr><tr class="skippedeven"><td rowspan="1">com.intebanking.testCases.TC_LoginTest_001</td><td><a href="#m2">loginTest</a></td><td rowspan="1">1625428203895</td><td rowspan="1">0</td></tr></tbody>
</table>
<h2>BankingApp Test</h2><h3 id="m0">com.intebanking.testCases.TC_LoginTest_001#setup</h3><table class="result"><tr class="param"><th>Parameter #1</th></tr><tr class="param stripe"><td>chrome</td></tr><tr><th>Exception</th></tr><tr><td><div class="stacktrace">org.openqa.selenium.SessionNotCreatedException: session not created
from timeout: Timed out receiving message from renderer: 600.000
  (Session info: chrome=91.0.4472.123)
Build info: version: &apos;3.14.0&apos;, revision: &apos;aacccce0&apos;, time: &apos;2018-08-02T20:19:58.91Z&apos;
System info: host: &apos;DESKTOP-7PKFCKU&apos;, ip: &apos;192.168.176.1&apos;, os.name: &apos;Windows 10&apos;, os.arch: &apos;amd64&apos;, os.version: &apos;10.0&apos;, java.version: &apos;1.8.0_261&apos;
Driver info: driver.version: ChromeDriver
remote stacktrace: Backtrace:
	Ordinal0 [0x009F3733+2504499]
	Ordinal0 [0x0098C401+2081793]
	Ordinal0 [0x00892628+1058344]
	Ordinal0 [0x00884EBF+1003199]
	Ordinal0 [0x00883EF9+999161]
	Ordinal0 [0x008841B6+999862]
	Ordinal0 [0x00883AA5+998053]
	Ordinal0 [0x0088E6B4+1042100]
	Ordinal0 [0x00883A61+997985]
	Ordinal0 [0x00884986+1001862]
	Ordinal0 [0x00883EF9+999161]
	Ordinal0 [0x008841B6+999862]
	Ordinal0 [0x00883AA5+998053]
	Ordinal0 [0x0088C73A+1034042]
	Ordinal0 [0x00883A61+997985]
	Ordinal0 [0x00884986+1001862]
	Ordinal0 [0x00883EF9+999161]
	Ordinal0 [0x008841B6+999862]
	Ordinal0 [0x00883AA5+998053]
	Ordinal0 [0x0088A5E9+1025513]
	Ordinal0 [0x00883A61+997985]
	Ordinal0 [0x00884986+1001862]
	Ordinal0 [0x00883EF9+999161]
	Ordinal0 [0x008841B6+999862]
	Ordinal0 [0x00883AA5+998053]
	Ordinal0 [0x0088990C+1022220]
	Ordinal0 [0x00883A61+997985]
	Ordinal0 [0x00884986+1001862]
	Ordinal0 [0x00883EF9+999161]
	Ordinal0 [0x008841B6+999862]
	Ordinal0 [0x00883AA5+998053]
	Ordinal0 [0x0087F5DD+980445]
	Ordinal0 [0x00883A61+997985]
	Ordinal0 [0x00883800+997376]
	Ordinal0 [0x00883599+996761]
	Ordinal0 [0x00893830+1062960]
	Ordinal0 [0x008DABB9+1354681]
	Ordinal0 [0x008D97DA+1349594]
	Ordinal0 [0x008D5D4B+1334603]
	Ordinal0 [0x008B22B4+1188532]
	Ordinal0 [0x008B3149+1192265]
	GetHandleVerifier [0x00B6FB8C+1512252]
	GetHandleVerifier [0x00C1B0DF+2214031]
	GetHandleVerifier [0x00A74BC3+484211]
	GetHandleVerifier [0x00A73E69+480793]
	Ordinal0 [0x0099218D+2105741]
	Ordinal0 [0x009966E8+2123496]
	Ordinal0 [0x00996827+2123815]
	Ordinal0 [0x0099FB73+2161523]
	BaseThreadInitThunk [0x7582FA29+25]
	RtlGetAppContainerNamedObjectPath [0x77977A9E+286]
	RtlGetAppContainerNamedObjectPath [0x77977A6E+238]

	at org.openqa.selenium.remote.W3CHandshakeResponse.lambda$new$0(W3CHandshakeResponse.java:57)
	at org.openqa.selenium.remote.W3CHandshakeResponse.lambda$getResponseFunction$2(W3CHandshakeResponse.java:104)
	at org.openqa.selenium.remote.ProtocolHandshake.lambda$createSession$0(ProtocolHandshake.java:122)
	at java.util.stream.ReferencePipeline$3$1.accept(ReferencePipeline.java:193)
	at java.util.Spliterators$ArraySpliterator.tryAdvance(Spliterators.java:958)
	at java.util.stream.ReferencePipeline.forEachWithCancel(ReferencePipeline.java:126)
	at java.util.stream.AbstractPipeline.copyIntoWithCancel(AbstractPipeline.java:499)
	at java.util.stream.AbstractPipeline.copyInto(AbstractPipeline.java:486)
	at java.util.stream.AbstractPipeline.wrapAndCopyInto(AbstractPipeline.java:472)
	at java.util.stream.FindOps$FindOp.evaluateSequential(FindOps.java:152)
	at java.util.stream.AbstractPipeline.evaluate(AbstractPipeline.java:234)
	at java.util.stream.ReferencePipeline.findFirst(ReferencePipeline.java:464)
	at org.openqa.selenium.remote.ProtocolHandshake.createSession(ProtocolHandshake.java:125)
	at org.openqa.selenium.remote.ProtocolHandshake.createSession(ProtocolHandshake.java:73)
	at org.openqa.selenium.remote.HttpCommandExecutor.execute(HttpCommandExecutor.java:136)
	at org.openqa.selenium.remote.service.DriverCommandExecutor.execute(DriverCommandExecutor.java:83)
	at org.openqa.selenium.remote.RemoteWebDriver.execute(RemoteWebDriver.java:548)
	at org.openqa.selenium.remote.RemoteWebDriver.startSession(RemoteWebDriver.java:212)
	at org.openqa.selenium.remote.RemoteWebDriver.&lt;init&gt;(RemoteWebDriver.java:130)
	at org.openqa.selenium.chrome.ChromeDriver.&lt;init&gt;(ChromeDriver.java:181)
	at org.openqa.selenium.chrome.ChromeDriver.&lt;init&gt;(ChromeDriver.java:168)
	at org.openqa.selenium.chrome.ChromeDriver.&lt;init&gt;(ChromeDriver.java:123)
	at com.intebanking.testCases.BaseClass.setup(BaseClass.java:43)
... Removed 33 stack frames</div></td></tr></table><p class="totop"><a href="#summary">back to summary</a></p>
<h3 id="m1">com.intebanking.testCases.TC_LoginTest_001#tearDown</h3><table class="result"><tr><th class="invisible"/></tr></table><p class="totop"><a href="#summary">back to summary</a></p>
<h3 id="m2">com.intebanking.testCases.TC_LoginTest_001#loginTest</h3><table class="result"><tr><th>Exception</th></tr><tr><td><div class="stacktrace">org.openqa.selenium.SessionNotCreatedException: session not created
from timeout: Timed out receiving message from renderer: 600.000
  (Session info: chrome=91.0.4472.123)
Build info: version: &apos;3.14.0&apos;, revision: &apos;aacccce0&apos;, time: &apos;2018-08-02T20:19:58.91Z&apos;
System info: host: &apos;DESKTOP-7PKFCKU&apos;, ip: &apos;192.168.176.1&apos;, os.name: &apos;Windows 10&apos;, os.arch: &apos;amd64&apos;, os.version: &apos;10.0&apos;, java.version: &apos;1.8.0_261&apos;
Driver info: driver.version: ChromeDriver
remote stacktrace: Backtrace:
	Ordinal0 [0x009F3733+2504499]
	Ordinal0 [0x0098C401+2081793]
	Ordinal0 [0x00892628+1058344]
	Ordinal0 [0x00884EBF+1003199]
	Ordinal0 [0x00883EF9+999161]
	Ordinal0 [0x008841B6+999862]
	Ordinal0 [0x00883AA5+998053]
	Ordinal0 [0x0088E6B4+1042100]
	Ordinal0 [0x00883A61+997985]
	Ordinal0 [0x00884986+1001862]
	Ordinal0 [0x00883EF9+999161]
	Ordinal0 [0x008841B6+999862]
	Ordinal0 [0x00883AA5+998053]
	Ordinal0 [0x0088C73A+1034042]
	Ordinal0 [0x00883A61+997985]
	Ordinal0 [0x00884986+1001862]
	Ordinal0 [0x00883EF9+999161]
	Ordinal0 [0x008841B6+999862]
	Ordinal0 [0x00883AA5+998053]
	Ordinal0 [0x0088A5E9+1025513]
	Ordinal0 [0x00883A61+997985]
	Ordinal0 [0x00884986+1001862]
	Ordinal0 [0x00883EF9+999161]
	Ordinal0 [0x008841B6+999862]
	Ordinal0 [0x00883AA5+998053]
	Ordinal0 [0x0088990C+1022220]
	Ordinal0 [0x00883A61+997985]
	Ordinal0 [0x00884986+1001862]
	Ordinal0 [0x00883EF9+999161]
	Ordinal0 [0x008841B6+999862]
	Ordinal0 [0x00883AA5+998053]
	Ordinal0 [0x0087F5DD+980445]
	Ordinal0 [0x00883A61+997985]
	Ordinal0 [0x00883800+997376]
	Ordinal0 [0x00883599+996761]
	Ordinal0 [0x00893830+1062960]
	Ordinal0 [0x008DABB9+1354681]
	Ordinal0 [0x008D97DA+1349594]
	Ordinal0 [0x008D5D4B+1334603]
	Ordinal0 [0x008B22B4+1188532]
	Ordinal0 [0x008B3149+1192265]
	GetHandleVerifier [0x00B6FB8C+1512252]
	GetHandleVerifier [0x00C1B0DF+2214031]
	GetHandleVerifier [0x00A74BC3+484211]
	GetHandleVerifier [0x00A73E69+480793]
	Ordinal0 [0x0099218D+2105741]
	Ordinal0 [0x009966E8+2123496]
	Ordinal0 [0x00996827+2123815]
	Ordinal0 [0x0099FB73+2161523]
	BaseThreadInitThunk [0x7582FA29+25]
	RtlGetAppContainerNamedObjectPath [0x77977A9E+286]
	RtlGetAppContainerNamedObjectPath [0x77977A6E+238]

	at org.openqa.selenium.remote.W3CHandshakeResponse.lambda$new$0(W3CHandshakeResponse.java:57)
	at org.openqa.selenium.remote.W3CHandshakeResponse.lambda$getResponseFunction$2(W3CHandshakeResponse.java:104)
	at org.openqa.selenium.remote.ProtocolHandshake.lambda$createSession$0(ProtocolHandshake.java:122)
	at java.util.stream.ReferencePipeline$3$1.accept(ReferencePipeline.java:193)
	at java.util.Spliterators$ArraySpliterator.tryAdvance(Spliterators.java:958)
	at java.util.stream.ReferencePipeline.forEachWithCancel(ReferencePipeline.java:126)
	at java.util.stream.AbstractPipeline.copyIntoWithCancel(AbstractPipeline.java:499)
	at java.util.stream.AbstractPipeline.copyInto(AbstractPipeline.java:486)
	at java.util.stream.AbstractPipeline.wrapAndCopyInto(AbstractPipeline.java:472)
	at java.util.stream.FindOps$FindOp.evaluateSequential(FindOps.java:152)
	at java.util.stream.AbstractPipeline.evaluate(AbstractPipeline.java:234)
	at java.util.stream.ReferencePipeline.findFirst(ReferencePipeline.java:464)
	at org.openqa.selenium.remote.ProtocolHandshake.createSession(ProtocolHandshake.java:125)
	at org.openqa.selenium.remote.ProtocolHandshake.createSession(ProtocolHandshake.java:73)
	at org.openqa.selenium.remote.HttpCommandExecutor.execute(HttpCommandExecutor.java:136)
	at org.openqa.selenium.remote.service.DriverCommandExecutor.execute(DriverCommandExecutor.java:83)
	at org.openqa.selenium.remote.RemoteWebDriver.execute(RemoteWebDriver.java:548)
	at org.openqa.selenium.remote.RemoteWebDriver.startSession(RemoteWebDriver.java:212)
	at org.openqa.selenium.remote.RemoteWebDriver.&lt;init&gt;(RemoteWebDriver.java:130)
	at org.openqa.selenium.chrome.ChromeDriver.&lt;init&gt;(ChromeDriver.java:181)
	at org.openqa.selenium.chrome.ChromeDriver.&lt;init&gt;(ChromeDriver.java:168)
	at org.openqa.selenium.chrome.ChromeDriver.&lt;init&gt;(ChromeDriver.java:123)
	at com.intebanking.testCases.BaseClass.setup(BaseClass.java:43)
... Removed 33 stack frames</div></td></tr></table><p class="totop"><a href="#summary">back to summary</a></p>
</body>
</html>
