<?xml version="1.0" encoding="UTF-8"?>
<testng-results skipped="1" failed="0" ignored="0" total="1" passed="0">
  <reporter-output>
  </reporter-output>
  <suite name="DemoTest" duration-ms="628158" started-at="2021-07-04T19:39:36Z" finished-at="2021-07-04T19:50:04Z">
    <groups>
    </groups>
    <test name="BankingApp Test" duration-ms="628158" started-at="2021-07-04T19:39:36Z" finished-at="2021-07-04T19:50:04Z">
      <class name="com.intebanking.testCases.TC_LoginTest_001">
        <test-method status="FAIL" signature="setup(java.lang.String)[pri:0, instance:com.intebanking.testCases.TC_LoginTest_001@59a6e353]" name="setup" is-config="true" duration-ms="625291" started-at="2021-07-04T19:39:38Z" finished-at="2021-07-04T19:50:03Z">
          <params>
            <param index="0">
              <value>
                <![CDATA[chrome]]>
              </value>
            </param>
          </params>
          <exception class="org.openqa.selenium.SessionNotCreatedException">
            <message>
              <![CDATA[session not created
from timeout: Timed out receiving message from renderer: 600.000
  (Session info: chrome=91.0.4472.123)
Build info: version: '3.14.0', revision: 'aacccce0', time: '2018-08-02T20:19:58.91Z'
System info: host: 'DESKTOP-7PKFCKU', ip: '192.168.176.1', os.name: 'Windows 10', os.arch: 'amd64', os.version: '10.0', java.version: '1.8.0_261'
Driver info: driver.version: ChromeDriver
remote stacktrace: Backtrace:
Ordinal0 [0x009F3733+2504499]
Ordinal0 [0x0098C401+2081793]
Ordinal0 [0x00892628+1058344]
Ordinal0 [0x00884EBF+1003199]
Ordinal0 [0x00883EF9+999161]
Ordinal0 [0x008841B6+999862]
Ordinal0 [0x00883AA5+998053]
Ordinal0 [0x0088E6B4+1042100]
Ordinal0 [0x00883A61+997985]
Ordinal0 [0x00884986+1001862]
Ordinal0 [0x00883EF9+999161]
Ordinal0 [0x008841B6+999862]
Ordinal0 [0x00883AA5+998053]
Ordinal0 [0x0088C73A+1034042]
Ordinal0 [0x00883A61+997985]
Ordinal0 [0x00884986+1001862]
Ordinal0 [0x00883EF9+999161]
Ordinal0 [0x008841B6+999862]
Ordinal0 [0x00883AA5+998053]
Ordinal0 [0x0088A5E9+1025513]
Ordinal0 [0x00883A61+997985]
Ordinal0 [0x00884986+1001862]
Ordinal0 [0x00883EF9+999161]
Ordinal0 [0x008841B6+999862]
Ordinal0 [0x00883AA5+998053]
Ordinal0 [0x0088990C+1022220]
Ordinal0 [0x00883A61+997985]
Ordinal0 [0x00884986+1001862]
Ordinal0 [0x00883EF9+999161]
Ordinal0 [0x008841B6+999862]
Ordinal0 [0x00883AA5+998053]
Ordinal0 [0x0087F5DD+980445]
Ordinal0 [0x00883A61+997985]
Ordinal0 [0x00883800+997376]
Ordinal0 [0x00883599+996761]
Ordinal0 [0x00893830+1062960]
Ordinal0 [0x008DABB9+1354681]
Ordinal0 [0x008D97DA+1349594]
Ordinal0 [0x008D5D4B+1334603]
Ordinal0 [0x008B22B4+1188532]
Ordinal0 [0x008B3149+1192265]
GetHandleVerifier [0x00B6FB8C+1512252]
GetHandleVerifier [0x00C1B0DF+2214031]
GetHandleVerifier [0x00A74BC3+484211]
GetHandleVerifier [0x00A73E69+480793]
Ordinal0 [0x0099218D+2105741]
Ordinal0 [0x009966E8+2123496]
Ordinal0 [0x00996827+2123815]
Ordinal0 [0x0099FB73+2161523]
BaseThreadInitThunk [0x7582FA29+25]
RtlGetAppContainerNamedObjectPath [0x77977A9E+286]
RtlGetAppContainerNamedObjectPath [0x77977A6E+238]
]]>
            </message>
            <full-stacktrace>
              <![CDATA[org.openqa.selenium.SessionNotCreatedException: session not created
from timeout: Timed out receiving message from renderer: 600.000
  (Session info: chrome=91.0.4472.123)
Build info: version: '3.14.0', revision: 'aacccce0', time: '2018-08-02T20:19:58.91Z'
System info: host: 'DESKTOP-7PKFCKU', ip: '192.168.176.1', os.name: 'Windows 10', os.arch: 'amd64', os.version: '10.0', java.version: '1.8.0_261'
Driver info: driver.version: ChromeDriver
remote stacktrace: Backtrace:
Ordinal0 [0x009F3733+2504499]
Ordinal0 [0x0098C401+2081793]
Ordinal0 [0x00892628+1058344]
Ordinal0 [0x00884EBF+1003199]
Ordinal0 [0x00883EF9+999161]
Ordinal0 [0x008841B6+999862]
Ordinal0 [0x00883AA5+998053]
Ordinal0 [0x0088E6B4+1042100]
Ordinal0 [0x00883A61+997985]
Ordinal0 [0x00884986+1001862]
Ordinal0 [0x00883EF9+999161]
Ordinal0 [0x008841B6+999862]
Ordinal0 [0x00883AA5+998053]
Ordinal0 [0x0088C73A+1034042]
Ordinal0 [0x00883A61+997985]
Ordinal0 [0x00884986+1001862]
Ordinal0 [0x00883EF9+999161]
Ordinal0 [0x008841B6+999862]
Ordinal0 [0x00883AA5+998053]
Ordinal0 [0x0088A5E9+1025513]
Ordinal0 [0x00883A61+997985]
Ordinal0 [0x00884986+1001862]
Ordinal0 [0x00883EF9+999161]
Ordinal0 [0x008841B6+999862]
Ordinal0 [0x00883AA5+998053]
Ordinal0 [0x0088990C+1022220]
Ordinal0 [0x00883A61+997985]
Ordinal0 [0x00884986+1001862]
Ordinal0 [0x00883EF9+999161]
Ordinal0 [0x008841B6+999862]
Ordinal0 [0x00883AA5+998053]
Ordinal0 [0x0087F5DD+980445]
Ordinal0 [0x00883A61+997985]
Ordinal0 [0x00883800+997376]
Ordinal0 [0x00883599+996761]
Ordinal0 [0x00893830+1062960]
Ordinal0 [0x008DABB9+1354681]
Ordinal0 [0x008D97DA+1349594]
Ordinal0 [0x008D5D4B+1334603]
Ordinal0 [0x008B22B4+1188532]
Ordinal0 [0x008B3149+1192265]
GetHandleVerifier [0x00B6FB8C+1512252]
GetHandleVerifier [0x00C1B0DF+2214031]
GetHandleVerifier [0x00A74BC3+484211]
GetHandleVerifier [0x00A73E69+480793]
Ordinal0 [0x0099218D+2105741]
Ordinal0 [0x009966E8+2123496]
Ordinal0 [0x00996827+2123815]
Ordinal0 [0x0099FB73+2161523]
BaseThreadInitThunk [0x7582FA29+25]
RtlGetAppContainerNamedObjectPath [0x77977A9E+286]
RtlGetAppContainerNamedObjectPath [0x77977A6E+238]

at sun.reflect.NativeConstructorAccessorImpl.newInstance0(Native Method)
at sun.reflect.NativeConstructorAccessorImpl.newInstance(NativeConstructorAccessorImpl.java:62)
at sun.reflect.DelegatingConstructorAccessorImpl.newInstance(DelegatingConstructorAccessorImpl.java:45)
at java.lang.reflect.Constructor.newInstance(Constructor.java:423)
at org.openqa.selenium.remote.W3CHandshakeResponse.lambda$new$0(W3CHandshakeResponse.java:57)
at org.openqa.selenium.remote.W3CHandshakeResponse.lambda$getResponseFunction$2(W3CHandshakeResponse.java:104)
at org.openqa.selenium.remote.ProtocolHandshake.lambda$createSession$0(ProtocolHandshake.java:122)
at java.util.stream.ReferencePipeline$3$1.accept(ReferencePipeline.java:193)
at java.util.Spliterators$ArraySpliterator.tryAdvance(Spliterators.java:958)
at java.util.stream.ReferencePipeline.forEachWithCancel(ReferencePipeline.java:126)
at java.util.stream.AbstractPipeline.copyIntoWithCancel(AbstractPipeline.java:499)
at java.util.stream.AbstractPipeline.copyInto(AbstractPipeline.java:486)
at java.util.stream.AbstractPipeline.wrapAndCopyInto(AbstractPipeline.java:472)
at java.util.stream.FindOps$FindOp.evaluateSequential(FindOps.java:152)
at java.util.stream.AbstractPipeline.evaluate(AbstractPipeline.java:234)
at java.util.stream.ReferencePipeline.findFirst(ReferencePipeline.java:464)
at org.openqa.selenium.remote.ProtocolHandshake.createSession(ProtocolHandshake.java:125)
at org.openqa.selenium.remote.ProtocolHandshake.createSession(ProtocolHandshake.java:73)
at org.openqa.selenium.remote.HttpCommandExecutor.execute(HttpCommandExecutor.java:136)
at org.openqa.selenium.remote.service.DriverCommandExecutor.execute(DriverCommandExecutor.java:83)
at org.openqa.selenium.remote.RemoteWebDriver.execute(RemoteWebDriver.java:548)
at org.openqa.selenium.remote.RemoteWebDriver.startSession(RemoteWebDriver.java:212)
at org.openqa.selenium.remote.RemoteWebDriver.<init>(RemoteWebDriver.java:130)
at org.openqa.selenium.chrome.ChromeDriver.<init>(ChromeDriver.java:181)
at org.openqa.selenium.chrome.ChromeDriver.<init>(ChromeDriver.java:168)
at org.openqa.selenium.chrome.ChromeDriver.<init>(ChromeDriver.java:123)
at com.intebanking.testCases.BaseClass.setup(BaseClass.java:43)
at sun.reflect.NativeMethodAccessorImpl.invoke0(Native Method)
at sun.reflect.NativeMethodAccessorImpl.invoke(NativeMethodAccessorImpl.java:62)
at sun.reflect.DelegatingMethodAccessorImpl.invoke(DelegatingMethodAccessorImpl.java:43)
at java.lang.reflect.Method.invoke(Method.java:498)
at org.testng.internal.MethodInvocationHelper.invokeMethod(MethodInvocationHelper.java:124)
at org.testng.internal.MethodInvocationHelper.invokeMethodConsideringTimeout(MethodInvocationHelper.java:59)
at org.testng.internal.Invoker.invokeConfigurationMethod(Invoker.java:458)
at org.testng.internal.Invoker.invokeConfigurations(Invoker.java:222)
at org.testng.internal.Invoker.invokeConfigurations(Invoker.java:142)
at org.testng.internal.TestMethodWorker.invokeBeforeClassMethods(TestMethodWorker.java:168)
at org.testng.internal.TestMethodWorker.run(TestMethodWorker.java:105)
at org.testng.TestRunner.privateRun(TestRunner.java:648)
at org.testng.TestRunner.run(TestRunner.java:505)
at org.testng.SuiteRunner.runTest(SuiteRunner.java:455)
at org.testng.SuiteRunner.runSequentially(SuiteRunner.java:450)
at org.testng.SuiteRunner.privateRun(SuiteRunner.java:415)
at org.testng.SuiteRunner.run(SuiteRunner.java:364)
at org.testng.SuiteRunnerWorker.runSuite(SuiteRunnerWorker.java:52)
at org.testng.SuiteRunnerWorker.run(SuiteRunnerWorker.java:84)
at org.testng.TestNG.runSuitesSequentially(TestNG.java:1208)
at org.testng.TestNG.runSuitesLocally(TestNG.java:1137)
at org.testng.TestNG.runSuites(TestNG.java:1049)
at org.testng.TestNG.run(TestNG.java:1017)
at org.apache.maven.surefire.testng.TestNGExecutor.run(TestNGExecutor.java:295)
at org.apache.maven.surefire.testng.TestNGXmlTestSuite.execute(TestNGXmlTestSuite.java:84)
at org.apache.maven.surefire.testng.TestNGProvider.invoke(TestNGProvider.java:90)
at org.apache.maven.surefire.booter.ForkedBooter.invokeProviderInSameClassLoader(ForkedBooter.java:203)
at org.apache.maven.surefire.booter.ForkedBooter.runSuitesInProcess(ForkedBooter.java:155)
at org.apache.maven.surefire.booter.ForkedBooter.main(ForkedBooter.java:103)
]]>
            </full-stacktrace>
          </exception> <!-- org.openqa.selenium.SessionNotCreatedException -->
          <reporter-output>
          </reporter-output>
        </test-method> <!-- setup -->
        <test-method status="SKIP" signature="loginTest()[pri:0, instance:com.intebanking.testCases.TC_LoginTest_001@59a6e353]" name="loginTest" duration-ms="0" started-at="2021-07-04T19:50:03Z" finished-at="2021-07-04T19:50:03Z">
          <exception class="org.openqa.selenium.SessionNotCreatedException">
            <message>
              <![CDATA[session not created
from timeout: Timed out receiving message from renderer: 600.000
  (Session info: chrome=91.0.4472.123)
Build info: version: '3.14.0', revision: 'aacccce0', time: '2018-08-02T20:19:58.91Z'
System info: host: 'DESKTOP-7PKFCKU', ip: '192.168.176.1', os.name: 'Windows 10', os.arch: 'amd64', os.version: '10.0', java.version: '1.8.0_261'
Driver info: driver.version: ChromeDriver
remote stacktrace: Backtrace:
Ordinal0 [0x009F3733+2504499]
Ordinal0 [0x0098C401+2081793]
Ordinal0 [0x00892628+1058344]
Ordinal0 [0x00884EBF+1003199]
Ordinal0 [0x00883EF9+999161]
Ordinal0 [0x008841B6+999862]
Ordinal0 [0x00883AA5+998053]
Ordinal0 [0x0088E6B4+1042100]
Ordinal0 [0x00883A61+997985]
Ordinal0 [0x00884986+1001862]
Ordinal0 [0x00883EF9+999161]
Ordinal0 [0x008841B6+999862]
Ordinal0 [0x00883AA5+998053]
Ordinal0 [0x0088C73A+1034042]
Ordinal0 [0x00883A61+997985]
Ordinal0 [0x00884986+1001862]
Ordinal0 [0x00883EF9+999161]
Ordinal0 [0x008841B6+999862]
Ordinal0 [0x00883AA5+998053]
Ordinal0 [0x0088A5E9+1025513]
Ordinal0 [0x00883A61+997985]
Ordinal0 [0x00884986+1001862]
Ordinal0 [0x00883EF9+999161]
Ordinal0 [0x008841B6+999862]
Ordinal0 [0x00883AA5+998053]
Ordinal0 [0x0088990C+1022220]
Ordinal0 [0x00883A61+997985]
Ordinal0 [0x00884986+1001862]
Ordinal0 [0x00883EF9+999161]
Ordinal0 [0x008841B6+999862]
Ordinal0 [0x00883AA5+998053]
Ordinal0 [0x0087F5DD+980445]
Ordinal0 [0x00883A61+997985]
Ordinal0 [0x00883800+997376]
Ordinal0 [0x00883599+996761]
Ordinal0 [0x00893830+1062960]
Ordinal0 [0x008DABB9+1354681]
Ordinal0 [0x008D97DA+1349594]
Ordinal0 [0x008D5D4B+1334603]
Ordinal0 [0x008B22B4+1188532]
Ordinal0 [0x008B3149+1192265]
GetHandleVerifier [0x00B6FB8C+1512252]
GetHandleVerifier [0x00C1B0DF+2214031]
GetHandleVerifier [0x00A74BC3+484211]
GetHandleVerifier [0x00A73E69+480793]
Ordinal0 [0x0099218D+2105741]
Ordinal0 [0x009966E8+2123496]
Ordinal0 [0x00996827+2123815]
Ordinal0 [0x0099FB73+2161523]
BaseThreadInitThunk [0x7582FA29+25]
RtlGetAppContainerNamedObjectPath [0x77977A9E+286]
RtlGetAppContainerNamedObjectPath [0x77977A6E+238]
]]>
            </message>
            <full-stacktrace>
              <![CDATA[org.openqa.selenium.SessionNotCreatedException: session not created
from timeout: Timed out receiving message from renderer: 600.000
  (Session info: chrome=91.0.4472.123)
Build info: version: '3.14.0', revision: 'aacccce0', time: '2018-08-02T20:19:58.91Z'
System info: host: 'DESKTOP-7PKFCKU', ip: '192.168.176.1', os.name: 'Windows 10', os.arch: 'amd64', os.version: '10.0', java.version: '1.8.0_261'
Driver info: driver.version: ChromeDriver
remote stacktrace: Backtrace:
Ordinal0 [0x009F3733+2504499]
Ordinal0 [0x0098C401+2081793]
Ordinal0 [0x00892628+1058344]
Ordinal0 [0x00884EBF+1003199]
Ordinal0 [0x00883EF9+999161]
Ordinal0 [0x008841B6+999862]
Ordinal0 [0x00883AA5+998053]
Ordinal0 [0x0088E6B4+1042100]
Ordinal0 [0x00883A61+997985]
Ordinal0 [0x00884986+1001862]
Ordinal0 [0x00883EF9+999161]
Ordinal0 [0x008841B6+999862]
Ordinal0 [0x00883AA5+998053]
Ordinal0 [0x0088C73A+1034042]
Ordinal0 [0x00883A61+997985]
Ordinal0 [0x00884986+1001862]
Ordinal0 [0x00883EF9+999161]
Ordinal0 [0x008841B6+999862]
Ordinal0 [0x00883AA5+998053]
Ordinal0 [0x0088A5E9+1025513]
Ordinal0 [0x00883A61+997985]
Ordinal0 [0x00884986+1001862]
Ordinal0 [0x00883EF9+999161]
Ordinal0 [0x008841B6+999862]
Ordinal0 [0x00883AA5+998053]
Ordinal0 [0x0088990C+1022220]
Ordinal0 [0x00883A61+997985]
Ordinal0 [0x00884986+1001862]
Ordinal0 [0x00883EF9+999161]
Ordinal0 [0x008841B6+999862]
Ordinal0 [0x00883AA5+998053]
Ordinal0 [0x0087F5DD+980445]
Ordinal0 [0x00883A61+997985]
Ordinal0 [0x00883800+997376]
Ordinal0 [0x00883599+996761]
Ordinal0 [0x00893830+1062960]
Ordinal0 [0x008DABB9+1354681]
Ordinal0 [0x008D97DA+1349594]
Ordinal0 [0x008D5D4B+1334603]
Ordinal0 [0x008B22B4+1188532]
Ordinal0 [0x008B3149+1192265]
GetHandleVerifier [0x00B6FB8C+1512252]
GetHandleVerifier [0x00C1B0DF+2214031]
GetHandleVerifier [0x00A74BC3+484211]
GetHandleVerifier [0x00A73E69+480793]
Ordinal0 [0x0099218D+2105741]
Ordinal0 [0x009966E8+2123496]
Ordinal0 [0x00996827+2123815]
Ordinal0 [0x0099FB73+2161523]
BaseThreadInitThunk [0x7582FA29+25]
RtlGetAppContainerNamedObjectPath [0x77977A9E+286]
RtlGetAppContainerNamedObjectPath [0x77977A6E+238]

at sun.reflect.NativeConstructorAccessorImpl.newInstance0(Native Method)
at sun.reflect.NativeConstructorAccessorImpl.newInstance(NativeConstructorAccessorImpl.java:62)
at sun.reflect.DelegatingConstructorAccessorImpl.newInstance(DelegatingConstructorAccessorImpl.java:45)
at java.lang.reflect.Constructor.newInstance(Constructor.java:423)
at org.openqa.selenium.remote.W3CHandshakeResponse.lambda$new$0(W3CHandshakeResponse.java:57)
at org.openqa.selenium.remote.W3CHandshakeResponse.lambda$getResponseFunction$2(W3CHandshakeResponse.java:104)
at org.openqa.selenium.remote.ProtocolHandshake.lambda$createSession$0(ProtocolHandshake.java:122)
at java.util.stream.ReferencePipeline$3$1.accept(ReferencePipeline.java:193)
at java.util.Spliterators$ArraySpliterator.tryAdvance(Spliterators.java:958)
at java.util.stream.ReferencePipeline.forEachWithCancel(ReferencePipeline.java:126)
at java.util.stream.AbstractPipeline.copyIntoWithCancel(AbstractPipeline.java:499)
at java.util.stream.AbstractPipeline.copyInto(AbstractPipeline.java:486)
at java.util.stream.AbstractPipeline.wrapAndCopyInto(AbstractPipeline.java:472)
at java.util.stream.FindOps$FindOp.evaluateSequential(FindOps.java:152)
at java.util.stream.AbstractPipeline.evaluate(AbstractPipeline.java:234)
at java.util.stream.ReferencePipeline.findFirst(ReferencePipeline.java:464)
at org.openqa.selenium.remote.ProtocolHandshake.createSession(ProtocolHandshake.java:125)
at org.openqa.selenium.remote.ProtocolHandshake.createSession(ProtocolHandshake.java:73)
at org.openqa.selenium.remote.HttpCommandExecutor.execute(HttpCommandExecutor.java:136)
at org.openqa.selenium.remote.service.DriverCommandExecutor.execute(DriverCommandExecutor.java:83)
at org.openqa.selenium.remote.RemoteWebDriver.execute(RemoteWebDriver.java:548)
at org.openqa.selenium.remote.RemoteWebDriver.startSession(RemoteWebDriver.java:212)
at org.openqa.selenium.remote.RemoteWebDriver.<init>(RemoteWebDriver.java:130)
at org.openqa.selenium.chrome.ChromeDriver.<init>(ChromeDriver.java:181)
at org.openqa.selenium.chrome.ChromeDriver.<init>(ChromeDriver.java:168)
at org.openqa.selenium.chrome.ChromeDriver.<init>(ChromeDriver.java:123)
at com.intebanking.testCases.BaseClass.setup(BaseClass.java:43)
at sun.reflect.NativeMethodAccessorImpl.invoke0(Native Method)
at sun.reflect.NativeMethodAccessorImpl.invoke(NativeMethodAccessorImpl.java:62)
at sun.reflect.DelegatingMethodAccessorImpl.invoke(DelegatingMethodAccessorImpl.java:43)
at java.lang.reflect.Method.invoke(Method.java:498)
at org.testng.internal.MethodInvocationHelper.invokeMethod(MethodInvocationHelper.java:124)
at org.testng.internal.MethodInvocationHelper.invokeMethodConsideringTimeout(MethodInvocationHelper.java:59)
at org.testng.internal.Invoker.invokeConfigurationMethod(Invoker.java:458)
at org.testng.internal.Invoker.invokeConfigurations(Invoker.java:222)
at org.testng.internal.Invoker.invokeConfigurations(Invoker.java:142)
at org.testng.internal.TestMethodWorker.invokeBeforeClassMethods(TestMethodWorker.java:168)
at org.testng.internal.TestMethodWorker.run(TestMethodWorker.java:105)
at org.testng.TestRunner.privateRun(TestRunner.java:648)
at org.testng.TestRunner.run(TestRunner.java:505)
at org.testng.SuiteRunner.runTest(SuiteRunner.java:455)
at org.testng.SuiteRunner.runSequentially(SuiteRunner.java:450)
at org.testng.SuiteRunner.privateRun(SuiteRunner.java:415)
at org.testng.SuiteRunner.run(SuiteRunner.java:364)
at org.testng.SuiteRunnerWorker.runSuite(SuiteRunnerWorker.java:52)
at org.testng.SuiteRunnerWorker.run(SuiteRunnerWorker.java:84)
at org.testng.TestNG.runSuitesSequentially(TestNG.java:1208)
at org.testng.TestNG.runSuitesLocally(TestNG.java:1137)
at org.testng.TestNG.runSuites(TestNG.java:1049)
at org.testng.TestNG.run(TestNG.java:1017)
at org.apache.maven.surefire.testng.TestNGExecutor.run(TestNGExecutor.java:295)
at org.apache.maven.surefire.testng.TestNGXmlTestSuite.execute(TestNGXmlTestSuite.java:84)
at org.apache.maven.surefire.testng.TestNGProvider.invoke(TestNGProvider.java:90)
at org.apache.maven.surefire.booter.ForkedBooter.invokeProviderInSameClassLoader(ForkedBooter.java:203)
at org.apache.maven.surefire.booter.ForkedBooter.runSuitesInProcess(ForkedBooter.java:155)
at org.apache.maven.surefire.booter.ForkedBooter.main(ForkedBooter.java:103)
]]>
            </full-stacktrace>
          </exception> <!-- org.openqa.selenium.SessionNotCreatedException -->
          <reporter-output>
          </reporter-output>
        </test-method> <!-- loginTest -->
        <test-method status="SKIP" signature="tearDown()[pri:0, instance:com.intebanking.testCases.TC_LoginTest_001@59a6e353]" name="tearDown" is-config="true" duration-ms="0" started-at="2021-07-04T19:50:04Z" finished-at="2021-07-04T19:50:04Z">
          <reporter-output>
          </reporter-output>
        </test-method> <!-- tearDown -->
      </class> <!-- com.intebanking.testCases.TC_LoginTest_001 -->
    </test> <!-- BankingApp Test -->
  </suite> <!-- DemoTest -->
</testng-results>
